<?xml version="1.0" encoding="UTF-8"?>
<testng-results ignored="0" total="2" passed="2" failed="0" skipped="0">
  <reporter-output>
  </reporter-output>
  <suite started-at="2024-05-19T12:44:21 EDT" name="Suite" finished-at="2024-05-19T12:44:28 EDT" duration-ms="7430">
    <groups>
    </groups>
    <test started-at="2024-05-19T12:44:21 EDT" name="Test" finished-at="2024-05-19T12:44:28 EDT" duration-ms="7430">
      <class name="testng2.GoogleHome">
        <test-method signature="execute_test()[pri:0, instance:testng2.GoogleHome@59662a0b]" started-at="2024-05-19T12:44:21 EDT" name="execute_test" finished-at="2024-05-19T12:44:25 EDT" duration-ms="3837" status="PASS">
          <reporter-output>
          </reporter-output>
        </test-method> <!-- execute_test -->
        <test-method signature="execute_test2()[pri:0, instance:testng2.GoogleHome@59662a0b]" started-at="2024-05-19T12:44:25 EDT" name="execute_test2" finished-at="2024-05-19T12:44:28 EDT" duration-ms="3539" status="PASS">
          <reporter-output>
          </reporter-output>
        </test-method> <!-- execute_test2 -->
      </class> <!-- testng2.GoogleHome -->
    </test> <!-- Test -->
  </suite> <!-- Suite -->
</testng-results>
